<?xml version="1.0" encoding="UTF-8"?>
<!-- Generated by org.testng.reporters.JUnitXMLReporter -->
<testsuite ignored="0" hostname="DESKTOP-TUNJG7R" failures="0" tests="7" name="Cart Validation" time="96.003" errors="0" timestamp="2026-04-22T20:51:44 IST">
  <testcase classname="com.example.qa.testcases.TestCase2CartValidation" name="openAmazonHomepage" time="12.446"/>
  <testcase classname="com.example.qa.testcases.TestCase2CartValidation" name="openFirstProduct" time="15.554"/>
  <testcase classname="com.example.qa.testcases.TestCase2CartValidation" name="verifyProductNameAndPrice" time="15.487"/>
  <testcase classname="com.example.qa.testcases.TestCase2CartValidation" name="addToCart" time="15.312"/>
  <testcase classname="com.example.qa.testcases.TestCase2CartValidation" name="goToCartAndVerify" time="18.322"/>
  <testcase classname="com.example.qa.testcases.TestCase2CartValidation" name="verifyCartQuantityAndTotal" time="0.035"/>
  <testcase classname="com.example.qa.testcases.TestCase2CartValidation" name="removeItemAndVerifyEmptyCart" time="15.505"/>
</testsuite> <!-- Cart Validation -->
