<?xml version="1.0" encoding="UTF-8"?>
<!-- Generated by org.testng.reporters.JUnitXMLReporter -->
<testsuite ignored="0" hostname="DESKTOP-TUNJG7R" failures="0" tests="7" name="Form Validation" time="195.274" errors="0" timestamp="2026-04-22T20:55:00 IST">
  <testcase classname="com.example.qa.testcases.TestCase3FormValidation" name="openAppleSupportPage" time="33.635"/>
  <testcase classname="com.example.qa.testcases.TestCase3FormValidation" name="verifyFormFieldsVisible" time="30.881"/>
  <testcase classname="com.example.qa.testcases.TestCase3FormValidation" name="verifyRequiredFieldsOnBlankSubmit" time="32.29"/>
  <testcase classname="com.example.qa.testcases.TestCase3FormValidation" name="verifyInvalidEmailFormat" time="30.308"/>
  <testcase classname="com.example.qa.testcases.TestCase3FormValidation" name="verifyWeakPasswordError" time="30.028"/>
  <testcase classname="com.example.qa.testcases.TestCase3FormValidation" name="verifyPasswordMismatchError" time="0.025"/>
  <testcase classname="com.example.qa.testcases.TestCase3FormValidation" name="verifyValidInputsAccepted" time="34.445"/>
</testsuite> <!-- Form Validation -->
