<?xml version="1.0" encoding="UTF-8"?>
<!-- Generated by org.testng.reporters.JUnitXMLReporter -->
<testsuite ignored="0" hostname="DESKTOP-TUNJG7R" failures="0" tests="7" name="Form Validation" time="31.942" errors="0" timestamp="2026-04-23T06:41:43 IST">
  <testcase classname="com.example.qa.testcases.TestCase3FormValidation" name="openAppleAccountPage" time="8.289"/>
  <testcase classname="com.example.qa.testcases.TestCase3FormValidation" name="verifyFormFieldsVisible" time="0.622"/>
  <testcase classname="com.example.qa.testcases.TestCase3FormValidation" name="verifyRequiredFieldsOnBlankSubmit" time="2.683"/>
  <testcase classname="com.example.qa.testcases.TestCase3FormValidation" name="verifyInvalidEmailFormat" time="3.346"/>
  <testcase classname="com.example.qa.testcases.TestCase3FormValidation" name="verifyWeakPasswordError" time="2.303"/>
  <testcase classname="com.example.qa.testcases.TestCase3FormValidation" name="verifyPasswordMismatchError" time="2.679"/>
  <testcase classname="com.example.qa.testcases.TestCase3FormValidation" name="verifyValidInputsAccepted" time="7.51"/>
</testsuite> <!-- Form Validation -->
