<?xml version="1.0" encoding="UTF-8"?>
<!-- Generated by org.testng.reporters.JUnitXMLReporter -->
<testsuite ignored="0" hostname="DESKTOP-TUNJG7R" failures="0" tests="7" name="Search Verification" time="77.831" errors="0" timestamp="2026-04-22T20:50:08 IST">
  <testcase classname="com.example.qa.testcases.TestCase1SearchVerification" name="openAmazonHomepage" time="1.973"/>
  <testcase classname="com.example.qa.testcases.TestCase1SearchVerification" name="searchForLaptop" time="19.891"/>
  <testcase classname="com.example.qa.testcases.TestCase1SearchVerification" name="varifySearchResults" time="0.523"/>
  <testcase classname="com.example.qa.testcases.TestCase1SearchVerification" name="verifyResultHasTitlePriceRating" time="0.089"/>
  <testcase classname="com.example.qa.testcases.TestCase1SearchVerification" name="verifyFirstProduct" time="19.273"/>
  <testcase classname="com.example.qa.testcases.TestCase1SearchVerification" name="verifySecondProduct" time="16.088"/>
  <testcase classname="com.example.qa.testcases.TestCase1SearchVerification" name="verifyThirdProduct" time="15.025"/>
</testsuite> <!-- Search Verification -->
