<?xml version="1.0" encoding="UTF-8"?>
<testng-results ignored="0" total="21" passed="21" failed="0" skipped="0">
  <reporter-output>
  </reporter-output>
  <suite started-at="2026-04-23T06:37:37 IST" name="QA Automation Suite" finished-at="2026-04-23T06:41:43 IST" duration-ms="246361">
    <groups>
    </groups>
    <test started-at="2026-04-23T06:37:37 IST" name="Search Verification" finished-at="2026-04-23T06:40:27 IST" duration-ms="170792">
      <class name="com.example.qa.testcases.TestCase1SearchVerification">
        <test-method is-config="true" signature="setup()[pri:0, instance:com.example.qa.testcases.TestCase1SearchVerification@71b1176b]" started-at="2026-04-23T06:37:37 IST" name="setup" finished-at="2026-04-23T06:37:44 IST" duration-ms="7605" status="PASS">
          <reporter-output>
          </reporter-output>
        </test-method> <!-- setup -->
        <test-method signature="openAmazonHomepage()[pri:1, instance:com.example.qa.testcases.TestCase1SearchVerification@71b1176b]" started-at="2026-04-23T06:37:44 IST" name="openAmazonHomepage" finished-at="2026-04-23T06:38:05 IST" duration-ms="20267" status="PASS">
          <reporter-output>
          </reporter-output>
        </test-method> <!-- openAmazonHomepage -->
        <test-method signature="searchForLaptop()[pri:2, instance:com.example.qa.testcases.TestCase1SearchVerification@71b1176b]" started-at="2026-04-23T06:38:05 IST" name="searchForLaptop" finished-at="2026-04-23T06:38:19 IST" duration-ms="14066" status="PASS">
          <reporter-output>
          </reporter-output>
        </test-method> <!-- searchForLaptop -->
        <test-method signature="verifySearchResults()[pri:3, instance:com.example.qa.testcases.TestCase1SearchVerification@71b1176b]" started-at="2026-04-23T06:38:19 IST" name="verifySearchResults" finished-at="2026-04-23T06:38:23 IST" duration-ms="3514" status="PASS">
          <reporter-output>
          </reporter-output>
        </test-method> <!-- verifySearchResults -->
        <test-method signature="verifyResultHasTitlePriceRating()[pri:4, instance:com.example.qa.testcases.TestCase1SearchVerification@71b1176b]" started-at="2026-04-23T06:38:23 IST" name="verifyResultHasTitlePriceRating" finished-at="2026-04-23T06:38:23 IST" duration-ms="274" status="PASS">
          <reporter-output>
          </reporter-output>
        </test-method> <!-- verifyResultHasTitlePriceRating -->
        <test-method signature="verifyFirstProduct()[pri:5, instance:com.example.qa.testcases.TestCase1SearchVerification@71b1176b]" started-at="2026-04-23T06:38:23 IST" name="verifyFirstProduct" finished-at="2026-04-23T06:39:06 IST" duration-ms="43024" status="PASS">
          <reporter-output>
          </reporter-output>
        </test-method> <!-- verifyFirstProduct -->
        <test-method signature="verifySecondProduct()[pri:6, instance:com.example.qa.testcases.TestCase1SearchVerification@71b1176b]" started-at="2026-04-23T06:39:06 IST" name="verifySecondProduct" finished-at="2026-04-23T06:39:42 IST" duration-ms="36072" status="PASS">
          <reporter-output>
          </reporter-output>
        </test-method> <!-- verifySecondProduct -->
        <test-method signature="verifyThirdProduct()[pri:7, instance:com.example.qa.testcases.TestCase1SearchVerification@71b1176b]" started-at="2026-04-23T06:39:42 IST" name="verifyThirdProduct" finished-at="2026-04-23T06:40:14 IST" duration-ms="31461" status="PASS">
          <reporter-output>
          </reporter-output>
        </test-method> <!-- verifyThirdProduct -->
        <test-method is-config="true" signature="teardown()[pri:0, instance:com.example.qa.testcases.TestCase1SearchVerification@71b1176b]" started-at="2026-04-23T06:40:14 IST" name="teardown" finished-at="2026-04-23T06:40:27 IST" duration-ms="13850" status="PASS">
          <reporter-output>
          </reporter-output>
        </test-method> <!-- teardown -->
      </class> <!-- com.example.qa.testcases.TestCase1SearchVerification -->
    </test> <!-- Search Verification -->
    <test started-at="2026-04-23T06:40:28 IST" name="Cart Validation" finished-at="2026-04-23T06:41:11 IST" duration-ms="43508">
      <class name="com.example.qa.testcases.TestCase2CartValidation">
        <test-method is-config="true" signature="setup()[pri:0, instance:com.example.qa.testcases.TestCase2CartValidation@7880cdf3]" started-at="2026-04-23T06:40:28 IST" name="setup" finished-at="2026-04-23T06:40:31 IST" duration-ms="3571" status="PASS">
          <reporter-output>
          </reporter-output>
        </test-method> <!-- setup -->
        <test-method signature="searchForHeadphones()[pri:1, instance:com.example.qa.testcases.TestCase2CartValidation@7880cdf3]" started-at="2026-04-23T06:40:31 IST" name="searchForHeadphones" finished-at="2026-04-23T06:40:46 IST" duration-ms="14667" status="PASS">
          <reporter-output>
          </reporter-output>
        </test-method> <!-- searchForHeadphones -->
        <test-method signature="openFirstProduct()[pri:2, instance:com.example.qa.testcases.TestCase2CartValidation@7880cdf3]" started-at="2026-04-23T06:40:46 IST" name="openFirstProduct" finished-at="2026-04-23T06:40:55 IST" duration-ms="9003" status="PASS">
          <reporter-output>
          </reporter-output>
        </test-method> <!-- openFirstProduct -->
        <test-method signature="verifyProductNameAndPrice()[pri:3, instance:com.example.qa.testcases.TestCase2CartValidation@7880cdf3]" started-at="2026-04-23T06:40:55 IST" name="verifyProductNameAndPrice" finished-at="2026-04-23T06:40:55 IST" duration-ms="566" status="PASS">
          <reporter-output>
          </reporter-output>
        </test-method> <!-- verifyProductNameAndPrice -->
        <test-method signature="addToCart()[pri:4, instance:com.example.qa.testcases.TestCase2CartValidation@7880cdf3]" started-at="2026-04-23T06:40:55 IST" name="addToCart" finished-at="2026-04-23T06:41:01 IST" duration-ms="5530" status="PASS">
          <reporter-output>
          </reporter-output>
        </test-method> <!-- addToCart -->
        <test-method signature="goToCartAndVerify()[pri:5, instance:com.example.qa.testcases.TestCase2CartValidation@7880cdf3]" started-at="2026-04-23T06:41:01 IST" name="goToCartAndVerify" finished-at="2026-04-23T06:41:06 IST" duration-ms="4768" status="PASS">
          <reporter-output>
          </reporter-output>
        </test-method> <!-- goToCartAndVerify -->
        <test-method signature="verifyCartQuantityAndTotal()[pri:6, instance:com.example.qa.testcases.TestCase2CartValidation@7880cdf3]" started-at="2026-04-23T06:41:06 IST" name="verifyCartQuantityAndTotal" finished-at="2026-04-23T06:41:06 IST" duration-ms="124" status="PASS">
          <reporter-output>
          </reporter-output>
        </test-method> <!-- verifyCartQuantityAndTotal -->
        <test-method signature="removeItemAndVerifyEmptyCart()[pri:7, instance:com.example.qa.testcases.TestCase2CartValidation@7880cdf3]" started-at="2026-04-23T06:41:06 IST" name="removeItemAndVerifyEmptyCart" finished-at="2026-04-23T06:41:09 IST" duration-ms="2810" status="PASS">
          <reporter-output>
          </reporter-output>
        </test-method> <!-- removeItemAndVerifyEmptyCart -->
        <test-method is-config="true" signature="teardown()[pri:0, instance:com.example.qa.testcases.TestCase2CartValidation@7880cdf3]" started-at="2026-04-23T06:41:09 IST" name="teardown" finished-at="2026-04-23T06:41:11 IST" duration-ms="2408" status="PASS">
          <reporter-output>
          </reporter-output>
        </test-method> <!-- teardown -->
      </class> <!-- com.example.qa.testcases.TestCase2CartValidation -->
    </test> <!-- Cart Validation -->
    <test started-at="2026-04-23T06:41:11 IST" name="Form Validation" finished-at="2026-04-23T06:41:43 IST" duration-ms="31942">
      <class name="com.example.qa.testcases.TestCase3FormValidation">
        <test-method is-config="true" signature="setup()[pri:0, instance:com.example.qa.testcases.TestCase3FormValidation@6fe7aac8]" started-at="2026-04-23T06:41:11 IST" name="setup" finished-at="2026-04-23T06:41:14 IST" duration-ms="2732" status="PASS">
          <reporter-output>
          </reporter-output>
        </test-method> <!-- setup -->
        <test-method signature="openAppleAccountPage()[pri:1, instance:com.example.qa.testcases.TestCase3FormValidation@6fe7aac8]" started-at="2026-04-23T06:41:14 IST" name="openAppleAccountPage" finished-at="2026-04-23T06:41:22 IST" duration-ms="8289" status="PASS">
          <reporter-output>
          </reporter-output>
        </test-method> <!-- openAppleAccountPage -->
        <test-method signature="verifyFormFieldsVisible()[pri:2, instance:com.example.qa.testcases.TestCase3FormValidation@6fe7aac8]" started-at="2026-04-23T06:41:22 IST" name="verifyFormFieldsVisible" finished-at="2026-04-23T06:41:23 IST" duration-ms="622" status="PASS">
          <reporter-output>
          </reporter-output>
        </test-method> <!-- verifyFormFieldsVisible -->
        <test-method signature="verifyRequiredFieldsOnBlankSubmit()[pri:3, instance:com.example.qa.testcases.TestCase3FormValidation@6fe7aac8]" started-at="2026-04-23T06:41:23 IST" name="verifyRequiredFieldsOnBlankSubmit" finished-at="2026-04-23T06:41:25 IST" duration-ms="2683" status="PASS">
          <reporter-output>
          </reporter-output>
        </test-method> <!-- verifyRequiredFieldsOnBlankSubmit -->
        <test-method signature="verifyInvalidEmailFormat()[pri:4, instance:com.example.qa.testcases.TestCase3FormValidation@6fe7aac8]" started-at="2026-04-23T06:41:25 IST" name="verifyInvalidEmailFormat" finished-at="2026-04-23T06:41:29 IST" duration-ms="3346" status="PASS">
          <reporter-output>
          </reporter-output>
        </test-method> <!-- verifyInvalidEmailFormat -->
        <test-method signature="verifyWeakPasswordError()[pri:5, instance:com.example.qa.testcases.TestCase3FormValidation@6fe7aac8]" started-at="2026-04-23T06:41:29 IST" name="verifyWeakPasswordError" finished-at="2026-04-23T06:41:31 IST" duration-ms="2303" status="PASS">
          <reporter-output>
          </reporter-output>
        </test-method> <!-- verifyWeakPasswordError -->
        <test-method signature="verifyPasswordMismatchError()[pri:6, instance:com.example.qa.testcases.TestCase3FormValidation@6fe7aac8]" started-at="2026-04-23T06:41:31 IST" name="verifyPasswordMismatchError" finished-at="2026-04-23T06:41:34 IST" duration-ms="2679" status="PASS">
          <reporter-output>
          </reporter-output>
        </test-method> <!-- verifyPasswordMismatchError -->
        <test-method signature="verifyValidInputsAccepted()[pri:7, instance:com.example.qa.testcases.TestCase3FormValidation@6fe7aac8]" started-at="2026-04-23T06:41:34 IST" name="verifyValidInputsAccepted" finished-at="2026-04-23T06:41:41 IST" duration-ms="7510" status="PASS">
          <reporter-output>
          </reporter-output>
        </test-method> <!-- verifyValidInputsAccepted -->
        <test-method is-config="true" signature="teardown()[pri:0, instance:com.example.qa.testcases.TestCase3FormValidation@6fe7aac8]" started-at="2026-04-23T06:41:41 IST" name="teardown" finished-at="2026-04-23T06:41:43 IST" duration-ms="1744" status="PASS">
          <reporter-output>
          </reporter-output>
        </test-method> <!-- teardown -->
      </class> <!-- com.example.qa.testcases.TestCase3FormValidation -->
    </test> <!-- Form Validation -->
  </suite> <!-- QA Automation Suite -->
</testng-results>
