<?xml version="1.0" encoding="UTF-8"?>
<testng-results ignored="0" total="21" passed="21" failed="0" skipped="0">
  <reporter-output>
  </reporter-output>
  <suite started-at="2026-04-23T07:22:54 IST" name="QA Automation Suite" finished-at="2026-04-23T07:26:18 IST" duration-ms="203905">
    <groups>
    </groups>
    <test started-at="2026-04-23T07:22:54 IST" name="Search Verification" finished-at="2026-04-23T07:24:45 IST" duration-ms="111083">
      <class name="com.example.qa.testcases.TestCase1SearchVerification">
        <test-method is-config="true" signature="setup()[pri:0, instance:com.example.qa.testcases.TestCase1SearchVerification@71b1176b]" started-at="2026-04-23T07:22:54 IST" name="setup" finished-at="2026-04-23T07:22:59 IST" duration-ms="4580" status="PASS">
          <reporter-output>
          </reporter-output>
        </test-method> <!-- setup -->
        <test-method signature="openAmazonHomepage()[pri:1, instance:com.example.qa.testcases.TestCase1SearchVerification@71b1176b]" started-at="2026-04-23T07:22:59 IST" name="openAmazonHomepage" finished-at="2026-04-23T07:23:15 IST" duration-ms="15857" status="PASS">
          <reporter-output>
          </reporter-output>
        </test-method> <!-- openAmazonHomepage -->
        <test-method signature="searchForLaptop()[pri:2, instance:com.example.qa.testcases.TestCase1SearchVerification@71b1176b]" started-at="2026-04-23T07:23:15 IST" name="searchForLaptop" finished-at="2026-04-23T07:23:28 IST" duration-ms="12811" status="PASS">
          <reporter-output>
          </reporter-output>
        </test-method> <!-- searchForLaptop -->
        <test-method signature="verifySearchResults()[pri:3, instance:com.example.qa.testcases.TestCase1SearchVerification@71b1176b]" started-at="2026-04-23T07:23:28 IST" name="verifySearchResults" finished-at="2026-04-23T07:23:29 IST" duration-ms="1234" status="PASS">
          <reporter-output>
          </reporter-output>
        </test-method> <!-- verifySearchResults -->
        <test-method signature="verifyResultHasTitlePriceRating()[pri:4, instance:com.example.qa.testcases.TestCase1SearchVerification@71b1176b]" started-at="2026-04-23T07:23:29 IST" name="verifyResultHasTitlePriceRating" finished-at="2026-04-23T07:23:29 IST" duration-ms="103" status="PASS">
          <reporter-output>
          </reporter-output>
        </test-method> <!-- verifyResultHasTitlePriceRating -->
        <test-method signature="verifyFirstProduct()[pri:5, instance:com.example.qa.testcases.TestCase1SearchVerification@71b1176b]" started-at="2026-04-23T07:23:29 IST" name="verifyFirstProduct" finished-at="2026-04-23T07:23:58 IST" duration-ms="28860" status="PASS">
          <reporter-output>
          </reporter-output>
        </test-method> <!-- verifyFirstProduct -->
        <test-method signature="verifySecondProduct()[pri:6, instance:com.example.qa.testcases.TestCase1SearchVerification@71b1176b]" started-at="2026-04-23T07:23:58 IST" name="verifySecondProduct" finished-at="2026-04-23T07:24:19 IST" duration-ms="20448" status="PASS">
          <reporter-output>
          </reporter-output>
        </test-method> <!-- verifySecondProduct -->
        <test-method signature="verifyThirdProduct()[pri:7, instance:com.example.qa.testcases.TestCase1SearchVerification@71b1176b]" started-at="2026-04-23T07:24:19 IST" name="verifyThirdProduct" finished-at="2026-04-23T07:24:43 IST" duration-ms="23730" status="PASS">
          <reporter-output>
          </reporter-output>
        </test-method> <!-- verifyThirdProduct -->
        <test-method is-config="true" signature="teardown()[pri:0, instance:com.example.qa.testcases.TestCase1SearchVerification@71b1176b]" started-at="2026-04-23T07:24:43 IST" name="teardown" finished-at="2026-04-23T07:24:45 IST" duration-ms="2600" status="PASS">
          <reporter-output>
          </reporter-output>
        </test-method> <!-- teardown -->
      </class> <!-- com.example.qa.testcases.TestCase1SearchVerification -->
    </test> <!-- Search Verification -->
    <test started-at="2026-04-23T07:24:45 IST" name="Cart Validation" finished-at="2026-04-23T07:25:32 IST" duration-ms="46810">
      <class name="com.example.qa.testcases.TestCase2CartValidation">
        <test-method is-config="true" signature="setup()[pri:0, instance:com.example.qa.testcases.TestCase2CartValidation@7880cdf3]" started-at="2026-04-23T07:24:45 IST" name="setup" finished-at="2026-04-23T07:24:47 IST" duration-ms="2108" status="PASS">
          <reporter-output>
          </reporter-output>
        </test-method> <!-- setup -->
        <test-method signature="searchForHeadphones()[pri:1, instance:com.example.qa.testcases.TestCase2CartValidation@7880cdf3]" started-at="2026-04-23T07:24:47 IST" name="searchForHeadphones" finished-at="2026-04-23T07:25:02 IST" duration-ms="14546" status="PASS">
          <reporter-output>
          </reporter-output>
        </test-method> <!-- searchForHeadphones -->
        <test-method signature="openFirstProduct()[pri:2, instance:com.example.qa.testcases.TestCase2CartValidation@7880cdf3]" started-at="2026-04-23T07:25:02 IST" name="openFirstProduct" finished-at="2026-04-23T07:25:16 IST" duration-ms="14147" status="PASS">
          <reporter-output>
          </reporter-output>
        </test-method> <!-- openFirstProduct -->
        <test-method signature="verifyProductNameAndPrice()[pri:3, instance:com.example.qa.testcases.TestCase2CartValidation@7880cdf3]" started-at="2026-04-23T07:25:16 IST" name="verifyProductNameAndPrice" finished-at="2026-04-23T07:25:17 IST" duration-ms="799" status="PASS">
          <reporter-output>
          </reporter-output>
        </test-method> <!-- verifyProductNameAndPrice -->
        <test-method signature="addToCart()[pri:4, instance:com.example.qa.testcases.TestCase2CartValidation@7880cdf3]" started-at="2026-04-23T07:25:17 IST" name="addToCart" finished-at="2026-04-23T07:25:23 IST" duration-ms="5666" status="PASS">
          <reporter-output>
          </reporter-output>
        </test-method> <!-- addToCart -->
        <test-method signature="goToCartAndVerify()[pri:5, instance:com.example.qa.testcases.TestCase2CartValidation@7880cdf3]" started-at="2026-04-23T07:25:23 IST" name="goToCartAndVerify" finished-at="2026-04-23T07:25:27 IST" duration-ms="4615" status="PASS">
          <reporter-output>
          </reporter-output>
        </test-method> <!-- goToCartAndVerify -->
        <test-method signature="verifyCartQuantityAndTotal()[pri:6, instance:com.example.qa.testcases.TestCase2CartValidation@7880cdf3]" started-at="2026-04-23T07:25:27 IST" name="verifyCartQuantityAndTotal" finished-at="2026-04-23T07:25:27 IST" duration-ms="110" status="PASS">
          <reporter-output>
          </reporter-output>
        </test-method> <!-- verifyCartQuantityAndTotal -->
        <test-method signature="removeItemAndVerifyEmptyCart()[pri:7, instance:com.example.qa.testcases.TestCase2CartValidation@7880cdf3]" started-at="2026-04-23T07:25:27 IST" name="removeItemAndVerifyEmptyCart" finished-at="2026-04-23T07:25:30 IST" duration-ms="2794" status="PASS">
          <reporter-output>
          </reporter-output>
        </test-method> <!-- removeItemAndVerifyEmptyCart -->
        <test-method is-config="true" signature="teardown()[pri:0, instance:com.example.qa.testcases.TestCase2CartValidation@7880cdf3]" started-at="2026-04-23T07:25:30 IST" name="teardown" finished-at="2026-04-23T07:25:32 IST" duration-ms="1990" status="PASS">
          <reporter-output>
          </reporter-output>
        </test-method> <!-- teardown -->
      </class> <!-- com.example.qa.testcases.TestCase2CartValidation -->
    </test> <!-- Cart Validation -->
    <test started-at="2026-04-23T07:25:32 IST" name="Form Validation" finished-at="2026-04-23T07:26:18 IST" duration-ms="45969">
      <class name="com.example.qa.testcases.TestCase3FormValidation">
        <test-method is-config="true" signature="setup()[pri:0, instance:com.example.qa.testcases.TestCase3FormValidation@6fe7aac8]" started-at="2026-04-23T07:25:32 IST" name="setup" finished-at="2026-04-23T07:25:34 IST" duration-ms="1961" status="PASS">
          <reporter-output>
          </reporter-output>
        </test-method> <!-- setup -->
        <test-method signature="openAppleAccountPage()[pri:1, instance:com.example.qa.testcases.TestCase3FormValidation@6fe7aac8]" started-at="2026-04-23T07:25:34 IST" name="openAppleAccountPage" finished-at="2026-04-23T07:25:46 IST" duration-ms="12166" status="PASS">
          <reporter-output>
          </reporter-output>
        </test-method> <!-- openAppleAccountPage -->
        <test-method signature="verifyFormFieldsVisible()[pri:2, instance:com.example.qa.testcases.TestCase3FormValidation@6fe7aac8]" started-at="2026-04-23T07:25:46 IST" name="verifyFormFieldsVisible" finished-at="2026-04-23T07:25:47 IST" duration-ms="419" status="PASS">
          <reporter-output>
          </reporter-output>
        </test-method> <!-- verifyFormFieldsVisible -->
        <test-method signature="verifyRequiredFieldsOnBlankSubmit()[pri:3, instance:com.example.qa.testcases.TestCase3FormValidation@6fe7aac8]" started-at="2026-04-23T07:25:47 IST" name="verifyRequiredFieldsOnBlankSubmit" finished-at="2026-04-23T07:25:51 IST" duration-ms="4348" status="PASS">
          <reporter-output>
          </reporter-output>
        </test-method> <!-- verifyRequiredFieldsOnBlankSubmit -->
        <test-method signature="verifyInvalidEmailFormat()[pri:4, instance:com.example.qa.testcases.TestCase3FormValidation@6fe7aac8]" started-at="2026-04-23T07:25:51 IST" name="verifyInvalidEmailFormat" finished-at="2026-04-23T07:25:56 IST" duration-ms="5335" status="PASS">
          <reporter-output>
          </reporter-output>
        </test-method> <!-- verifyInvalidEmailFormat -->
        <test-method signature="verifyWeakPasswordError()[pri:5, instance:com.example.qa.testcases.TestCase3FormValidation@6fe7aac8]" started-at="2026-04-23T07:25:56 IST" name="verifyWeakPasswordError" finished-at="2026-04-23T07:26:05 IST" duration-ms="8493" status="PASS">
          <reporter-output>
          </reporter-output>
        </test-method> <!-- verifyWeakPasswordError -->
        <test-method signature="verifyPasswordMismatchError()[pri:6, instance:com.example.qa.testcases.TestCase3FormValidation@6fe7aac8]" started-at="2026-04-23T07:26:05 IST" name="verifyPasswordMismatchError" finished-at="2026-04-23T07:26:07 IST" duration-ms="2435" status="PASS">
          <reporter-output>
          </reporter-output>
        </test-method> <!-- verifyPasswordMismatchError -->
        <test-method signature="verifyValidInputsAccepted()[pri:7, instance:com.example.qa.testcases.TestCase3FormValidation@6fe7aac8]" started-at="2026-04-23T07:26:07 IST" name="verifyValidInputsAccepted" finished-at="2026-04-23T07:26:16 IST" duration-ms="9090" status="PASS">
          <reporter-output>
          </reporter-output>
        </test-method> <!-- verifyValidInputsAccepted -->
        <test-method is-config="true" signature="teardown()[pri:0, instance:com.example.qa.testcases.TestCase3FormValidation@6fe7aac8]" started-at="2026-04-23T07:26:16 IST" name="teardown" finished-at="2026-04-23T07:26:18 IST" duration-ms="1543" status="PASS">
          <reporter-output>
          </reporter-output>
        </test-method> <!-- teardown -->
      </class> <!-- com.example.qa.testcases.TestCase3FormValidation -->
    </test> <!-- Form Validation -->
  </suite> <!-- QA Automation Suite -->
</testng-results>
