<?xml version="1.0" encoding="UTF-8"?>
<!-- Generated by org.testng.reporters.JUnitReportReporter -->
<testsuite hostname="DESKTOP-TUNJG7R" failures="0" tests="7" name="com.example.qa.testcases.TestCase1SearchVerification" time="68.825" errors="0" timestamp="2026-04-22T19:19:22 IST" skipped="0">
  <testcase classname="com.example.qa.testcases.TestCase1SearchVerification" name="openAmazonHomepage" time="2.313"/>
  <testcase classname="com.example.qa.testcases.TestCase1SearchVerification" name="searchForLaptop" time="16.341"/>
  <testcase classname="com.example.qa.testcases.TestCase1SearchVerification" name="varifySearchResults" time="0.684"/>
  <testcase classname="com.example.qa.testcases.TestCase1SearchVerification" name="verifyResultHasTitlePriceRating" time="0.089"/>
  <testcase classname="com.example.qa.testcases.TestCase1SearchVerification" name="verifyFirstProduct" time="17.851"/>
  <testcase classname="com.example.qa.testcases.TestCase1SearchVerification" name="verifySecondProduct" time="16.029"/>
  <testcase classname="com.example.qa.testcases.TestCase1SearchVerification" name="verifyThirdProduct" time="15.518"/>
</testsuite> <!-- com.example.qa.testcases.TestCase1SearchVerification -->
