<?xml version="1.0" encoding="UTF-8"?>
<!-- Generated by org.testng.reporters.JUnitReportReporter -->
<testsuite hostname="DESKTOP-TUNJG7R" failures="0" tests="7" name="com.example.qa.testcases.TestCase2CartValidation" time="42.677" errors="0" timestamp="2026-04-23T07:26:18 IST" skipped="0">
  <testcase classname="com.example.qa.testcases.TestCase2CartValidation" name="searchForHeadphones" time="14.546"/>
  <testcase classname="com.example.qa.testcases.TestCase2CartValidation" name="openFirstProduct" time="14.147"/>
  <testcase classname="com.example.qa.testcases.TestCase2CartValidation" name="verifyProductNameAndPrice" time="0.799"/>
  <testcase classname="com.example.qa.testcases.TestCase2CartValidation" name="addToCart" time="5.666"/>
  <testcase classname="com.example.qa.testcases.TestCase2CartValidation" name="goToCartAndVerify" time="4.615"/>
  <testcase classname="com.example.qa.testcases.TestCase2CartValidation" name="verifyCartQuantityAndTotal" time="0.110"/>
  <testcase classname="com.example.qa.testcases.TestCase2CartValidation" name="removeItemAndVerifyEmptyCart" time="2.794"/>
</testsuite> <!-- com.example.qa.testcases.TestCase2CartValidation -->
