<?xml version="1.0" encoding="UTF-8"?>
<!-- Generated by org.testng.reporters.JUnitReportReporter -->
<testsuite hostname="DESKTOP-TUNJG7R" failures="0" tests="7" name="com.example.qa.testcases.TestCase1SearchVerification" time="148.678" errors="0" timestamp="2026-04-23T06:41:43 IST" skipped="0">
  <testcase classname="com.example.qa.testcases.TestCase1SearchVerification" name="openAmazonHomepage" time="20.267"/>
  <testcase classname="com.example.qa.testcases.TestCase1SearchVerification" name="searchForLaptop" time="14.066"/>
  <testcase classname="com.example.qa.testcases.TestCase1SearchVerification" name="verifySearchResults" time="3.514"/>
  <testcase classname="com.example.qa.testcases.TestCase1SearchVerification" name="verifyResultHasTitlePriceRating" time="0.274"/>
  <testcase classname="com.example.qa.testcases.TestCase1SearchVerification" name="verifyFirstProduct" time="43.024"/>
  <testcase classname="com.example.qa.testcases.TestCase1SearchVerification" name="verifySecondProduct" time="36.072"/>
  <testcase classname="com.example.qa.testcases.TestCase1SearchVerification" name="verifyThirdProduct" time="31.461"/>
</testsuite> <!-- com.example.qa.testcases.TestCase1SearchVerification -->
