<?xml version="1.0" encoding="UTF-8"?>
<!-- Generated by org.testng.reporters.JUnitReportReporter -->
<testsuite hostname="DESKTOP-TUNJG7R" failures="0" tests="7" name="com.example.qa.testcases.TestCase2CartValidation" time="37.468" errors="0" timestamp="2026-04-23T06:41:43 IST" skipped="0">
  <testcase classname="com.example.qa.testcases.TestCase2CartValidation" name="searchForHeadphones" time="14.667"/>
  <testcase classname="com.example.qa.testcases.TestCase2CartValidation" name="openFirstProduct" time="9.003"/>
  <testcase classname="com.example.qa.testcases.TestCase2CartValidation" name="verifyProductNameAndPrice" time="0.566"/>
  <testcase classname="com.example.qa.testcases.TestCase2CartValidation" name="addToCart" time="5.530"/>
  <testcase classname="com.example.qa.testcases.TestCase2CartValidation" name="goToCartAndVerify" time="4.768"/>
  <testcase classname="com.example.qa.testcases.TestCase2CartValidation" name="verifyCartQuantityAndTotal" time="0.124"/>
  <testcase classname="com.example.qa.testcases.TestCase2CartValidation" name="removeItemAndVerifyEmptyCart" time="2.810"/>
</testsuite> <!-- com.example.qa.testcases.TestCase2CartValidation -->
