<?xml version="1.0" encoding="UTF-8"?>
<!-- Generated by org.testng.reporters.JUnitReportReporter -->
<testsuite hostname="DESKTOP-TUNJG7R" failures="0" tests="7" name="com.example.qa.testcases.TestCase3FormValidation" time="42.286" errors="0" timestamp="2026-04-23T07:26:18 IST" skipped="0">
  <testcase classname="com.example.qa.testcases.TestCase3FormValidation" name="openAppleAccountPage" time="12.166"/>
  <testcase classname="com.example.qa.testcases.TestCase3FormValidation" name="verifyFormFieldsVisible" time="0.419"/>
  <testcase classname="com.example.qa.testcases.TestCase3FormValidation" name="verifyRequiredFieldsOnBlankSubmit" time="4.348"/>
  <testcase classname="com.example.qa.testcases.TestCase3FormValidation" name="verifyInvalidEmailFormat" time="5.335"/>
  <testcase classname="com.example.qa.testcases.TestCase3FormValidation" name="verifyWeakPasswordError" time="8.493"/>
  <testcase classname="com.example.qa.testcases.TestCase3FormValidation" name="verifyPasswordMismatchError" time="2.435"/>
  <testcase classname="com.example.qa.testcases.TestCase3FormValidation" name="verifyValidInputsAccepted" time="9.090"/>
</testsuite> <!-- com.example.qa.testcases.TestCase3FormValidation -->
