<?xml version="1.0" encoding="UTF-8"?>
<!-- Generated by org.testng.reporters.JUnitReportReporter -->
<testsuite hostname="DESKTOP-TUNJG7R" failures="0" tests="7" name="com.example.qa.testcases.TestCase3FormValidation" time="203.098" errors="0" timestamp="2026-04-22T19:19:22 IST" skipped="0">
  <testcase classname="com.example.qa.testcases.TestCase3FormValidation" name="openAppleSupportPage" time="35.202"/>
  <testcase classname="com.example.qa.testcases.TestCase3FormValidation" name="verifyFormFieldsVisible" time="30.313"/>
  <testcase classname="com.example.qa.testcases.TestCase3FormValidation" name="verifyRequiredFieldsOnBlankSubmit" time="30.206"/>
  <testcase classname="com.example.qa.testcases.TestCase3FormValidation" name="verifyInvalidEmailFormat" time="30.229"/>
  <testcase classname="com.example.qa.testcases.TestCase3FormValidation" name="verifyWeakPasswordError" time="30.591"/>
  <testcase classname="com.example.qa.testcases.TestCase3FormValidation" name="verifyPasswordMismatchError" time="0.075"/>
  <testcase classname="com.example.qa.testcases.TestCase3FormValidation" name="verifyValidInputsAccepted" time="46.482"/>
</testsuite> <!-- com.example.qa.testcases.TestCase3FormValidation -->
